<?xml version="1.0" encoding="UTF-8"?>
<!-- Generated by org.testng.reporters.JUnitReportReporter -->
<testsuite hostname="DESKTOP-S42SFQ5" failures="0" tests="3" name="test.HomePageTest" time="62.767" errors="3" timestamp="2024-01-02T00:30:21 EST" skipped="0">
  <testcase classname="test.HomePageTest" name="getMyQuoteTest" time="23.881">
    <error message="Element &lt;a class=&quot;modal-trigger btn btn--primary btn--full-mobile&quot; href=&quot;#&quot;&gt; is not clickable at point (341,25) because another element &lt;header id=&quot;primary-header&quot;&gt; obscures it
Build info: version: &#039;4.15.0&#039;, revision: &#039;1d14b5521b&#039;
System info: os.name: &#039;Windows 11&#039;, os.arch: &#039;amd64&#039;, os.version: &#039;10.0&#039;, java.version: &#039;11.0.17&#039;
Driver info: org.openqa.selenium.firefox.FirefoxDriver
Command: [faafd521-3abb-4bc4-aac2-365374641a98, clickElement {id=70e413db-ae33-4c17-b9df-66bf0c95be87}]
Capabilities {acceptInsecureCerts: true, browserName: firefox, browserVersion: 121.0, moz:accessibilityChecks: false, moz:buildID: 20231211174248, moz:debuggerAddress: 127.0.0.1:9074, moz:geckodriverVersion: 0.33.0, moz:headless: false, moz:platformVersion: 10.0, moz:processID: 9856, moz:profile: C:\Users\TANIAS~1\AppData\L..., moz:shutdownTimeout: 60000, moz:webdriverClick: true, moz:windowless: false, pageLoadStrategy: normal, platformName: windows, proxy: Proxy(), se:cdp: ws://127.0.0.1:9074/devtool..., se:cdpVersion: 85.0, setWindowRect: true, strictFileInteractability: false, timeouts: {implicit: 0, pageLoad: 300000, script: 30000}, unhandledPromptBehavior: dismiss and notify}
Element: [[FirefoxDriver: firefox on windows (faafd521-3abb-4bc4-aac2-365374641a98)] -&gt; xpath: //div[@id=&#039;bundleModalBtn&#039;]/p/a]
Session ID: faafd521-3abb-4bc4-aac2-365374641a98" type="org.openqa.selenium.ElementClickInterceptedException">
      <![CDATA[org.openqa.selenium.ElementClickInterceptedException: Element <a class="modal-trigger btn btn--primary btn--full-mobile" href="#"> is not clickable at point (341,25) because another element <header id="primary-header"> obscures it
Build info: version: '4.15.0', revision: '1d14b5521b'
System info: os.name: 'Windows 11', os.arch: 'amd64', os.version: '10.0', java.version: '11.0.17'
Driver info: org.openqa.selenium.firefox.FirefoxDriver
Command: [faafd521-3abb-4bc4-aac2-365374641a98, clickElement {id=70e413db-ae33-4c17-b9df-66bf0c95be87}]
Capabilities {acceptInsecureCerts: true, browserName: firefox, browserVersion: 121.0, moz:accessibilityChecks: false, moz:buildID: 20231211174248, moz:debuggerAddress: 127.0.0.1:9074, moz:geckodriverVersion: 0.33.0, moz:headless: false, moz:platformVersion: 10.0, moz:processID: 9856, moz:profile: C:\Users\TANIAS~1\AppData\L..., moz:shutdownTimeout: 60000, moz:webdriverClick: true, moz:windowless: false, pageLoadStrategy: normal, platformName: windows, proxy: Proxy(), se:cdp: ws://127.0.0.1:9074/devtool..., se:cdpVersion: 85.0, setWindowRect: true, strictFileInteractability: false, timeouts: {implicit: 0, pageLoad: 300000, script: 30000}, unhandledPromptBehavior: dismiss and notify}
Element: [[FirefoxDriver: firefox on windows (faafd521-3abb-4bc4-aac2-365374641a98)] -> xpath: //div[@id='bundleModalBtn']/p/a]
Session ID: faafd521-3abb-4bc4-aac2-365374641a98
at java.base/jdk.internal.reflect.NativeConstructorAccessorImpl.newInstance0(Native Method)
at java.base/jdk.internal.reflect.NativeConstructorAccessorImpl.newInstance(NativeConstructorAccessorImpl.java:62)
at java.base/jdk.internal.reflect.DelegatingConstructorAccessorImpl.newInstance(DelegatingConstructorAccessorImpl.java:45)
at java.base/java.lang.reflect.Constructor.newInstance(Constructor.java:490)
at org.openqa.selenium.remote.codec.w3c.W3CHttpResponseCodec.createException(W3CHttpResponseCodec.java:200)
at org.openqa.selenium.remote.codec.w3c.W3CHttpResponseCodec.decode(W3CHttpResponseCodec.java:133)
at org.openqa.selenium.remote.codec.w3c.W3CHttpResponseCodec.decode(W3CHttpResponseCodec.java:52)
at org.openqa.selenium.remote.HttpCommandExecutor.execute(HttpCommandExecutor.java:191)
at org.openqa.selenium.remote.service.DriverCommandExecutor.invokeExecute(DriverCommandExecutor.java:200)
at org.openqa.selenium.remote.service.DriverCommandExecutor.execute(DriverCommandExecutor.java:175)
at org.openqa.selenium.remote.RemoteWebDriver.execute(RemoteWebDriver.java:607)
at org.openqa.selenium.remote.RemoteWebElement.execute(RemoteWebElement.java:224)
at org.openqa.selenium.remote.RemoteWebElement.click(RemoteWebElement.java:77)
at java.base/jdk.internal.reflect.NativeMethodAccessorImpl.invoke0(Native Method)
at java.base/jdk.internal.reflect.NativeMethodAccessorImpl.invoke(NativeMethodAccessorImpl.java:62)
at java.base/jdk.internal.reflect.DelegatingMethodAccessorImpl.invoke(DelegatingMethodAccessorImpl.java:43)
at java.base/java.lang.reflect.Method.invoke(Method.java:566)
at org.openqa.selenium.support.pagefactory.internal.LocatingElementHandler.invoke(LocatingElementHandler.java:51)
at com.sun.proxy.$Proxy15.click(Unknown Source)
at common.CommonActions.clickElement(CommonActions.java:104)
at pages.HomePage.getMyQuote(HomePage.java:36)
at test.HomePageTest.getMyQuoteTest(HomePageTest.java:13)
at java.base/jdk.internal.reflect.NativeMethodAccessorImpl.invoke0(Native Method)
at java.base/jdk.internal.reflect.NativeMethodAccessorImpl.invoke(NativeMethodAccessorImpl.java:62)
at java.base/jdk.internal.reflect.DelegatingMethodAccessorImpl.invoke(DelegatingMethodAccessorImpl.java:43)
at java.base/java.lang.reflect.Method.invoke(Method.java:566)
at org.testng.internal.invokers.MethodInvocationHelper.invokeMethod(MethodInvocationHelper.java:139)
at org.testng.internal.invokers.TestInvoker.invokeMethod(TestInvoker.java:664)
at org.testng.internal.invokers.TestInvoker.invokeTestMethod(TestInvoker.java:227)
at org.testng.internal.invokers.MethodRunner.runInSequence(MethodRunner.java:50)
at org.testng.internal.invokers.TestInvoker$MethodInvocationAgent.invoke(TestInvoker.java:957)
at org.testng.internal.invokers.TestInvoker.invokeTestMethods(TestInvoker.java:200)
at org.testng.internal.invokers.TestMethodWorker.invokeTestMethods(TestMethodWorker.java:148)
at org.testng.internal.invokers.TestMethodWorker.run(TestMethodWorker.java:128)
at java.base/java.util.ArrayList.forEach(ArrayList.java:1541)
at org.testng.TestRunner.privateRun(TestRunner.java:848)
at org.testng.TestRunner.run(TestRunner.java:621)
at org.testng.SuiteRunner.runTest(SuiteRunner.java:443)
at org.testng.SuiteRunner$SuiteWorker.run(SuiteRunner.java:481)
at org.testng.internal.thread.ThreadUtil.lambda$execute$0(ThreadUtil.java:58)
at java.base/java.util.concurrent.FutureTask.run(FutureTask.java:264)
at java.base/java.util.concurrent.ThreadPoolExecutor.runWorker(ThreadPoolExecutor.java:1128)
at java.base/java.util.concurrent.ThreadPoolExecutor$Worker.run(ThreadPoolExecutor.java:628)
at java.base/java.lang.Thread.run(Thread.java:834)
]]>
    </error>
    <system-out>
      <![CDATA[21244 <-----> has been put into <-----> [[FirefoxDriver: firefox on windows (faafd521-3abb-4bc4-aac2-365374641a98)] -> xpath: //input[@id='ssp-service-zip']]<br>
[[FirefoxDriver: firefox on windows (faafd521-3abb-4bc4-aac2-365374641a98)] -> xpath: (//input[@type='submit'])[1]]<---------> has been clicked<br>
[[FirefoxDriver: firefox on windows (faafd521-3abb-4bc4-aac2-365374641a98)] -> xpath: (//div[@class='product-checkbox'])[1]]<---------> has been clicked<br>
Javascript Executor executing to view ...arguments[0].scrollIntoView(true); on the element of ---> [[FirefoxDriver: firefox on windows (faafd521-3abb-4bc4-aac2-365374641a98)] -> xpath: //div[@id='bundleModalBtn']/p/a]<br>
Sleeping ... zZz 2<br>]]>
    </system-out>
  </testcase> <!-- getMyQuoteTest -->
  <testcase classname="test.HomePageTest" name="getMyQuoteTest" time="19.818">
    <error message="element click intercepted: Element &lt;a href=&quot;#&quot; class=&quot;modal-trigger btn btn--primary btn--full-mobile&quot; data-modal-view=&quot;bundle_modal&quot; data-link-name=&quot;bundleModalBtn:...&quot;&gt;Start My Quote&lt;/a&gt; is not clickable at point (333, 25). Other element would receive the click: &lt;header id=&quot;primary-header&quot; role=&quot;banner&quot;&gt;...&lt;/header&gt;
  (Session info: chrome=120.0.6099.130)
Build info: version: &#039;4.15.0&#039;, revision: &#039;1d14b5521b&#039;
System info: os.name: &#039;Windows 11&#039;, os.arch: &#039;amd64&#039;, os.version: &#039;10.0&#039;, java.version: &#039;11.0.17&#039;
Driver info: org.openqa.selenium.chrome.ChromeDriver
Command: [1aacc68c56c4a5e89dbfc18828a6b300, clickElement {id=CC0DA4B1206AA225D1AE97686BC1E3AD_element_13}]
Capabilities {acceptInsecureCerts: false, browserName: chrome, browserVersion: 120.0.6099.130, chrome: {chromedriverVersion: 119.0.6045.105 (38c72552c5e..., userDataDir: C:\Users\TANIAS~1\AppData\L...}, fedcm:accounts: true, goog:chromeOptions: {debuggerAddress: localhost:63220}, networkConnectionEnabled: false, pageLoadStrategy: normal, platformName: windows, proxy: Proxy(), se:cdp: ws://localhost:63220/devtoo..., se:cdpVersion: 120.0.6099.130, setWindowRect: true, strictFileInteractability: false, timeouts: {implicit: 0, pageLoad: 300000, script: 30000}, unhandledPromptBehavior: dismiss and notify, webauthn:extension:credBlob: true, webauthn:extension:largeBlob: true, webauthn:extension:minPinLength: true, webauthn:extension:prf: true, webauthn:virtualAuthenticators: true}
Element: [[ChromeDriver: chrome on windows (1aacc68c56c4a5e89dbfc18828a6b300)] -&gt; xpath: //div[@id=&#039;bundleModalBtn&#039;]/p/a]
Session ID: 1aacc68c56c4a5e89dbfc18828a6b300" type="org.openqa.selenium.ElementClickInterceptedException">
      <![CDATA[org.openqa.selenium.ElementClickInterceptedException: element click intercepted: Element <a href="#" class="modal-trigger btn btn--primary btn--full-mobile" data-modal-view="bundle_modal" data-link-name="bundleModalBtn:...">Start My Quote</a> is not clickable at point (333, 25). Other element would receive the click: <header id="primary-header" role="banner">...</header>
  (Session info: chrome=120.0.6099.130)
Build info: version: '4.15.0', revision: '1d14b5521b'
System info: os.name: 'Windows 11', os.arch: 'amd64', os.version: '10.0', java.version: '11.0.17'
Driver info: org.openqa.selenium.chrome.ChromeDriver
Command: [1aacc68c56c4a5e89dbfc18828a6b300, clickElement {id=CC0DA4B1206AA225D1AE97686BC1E3AD_element_13}]
Capabilities {acceptInsecureCerts: false, browserName: chrome, browserVersion: 120.0.6099.130, chrome: {chromedriverVersion: 119.0.6045.105 (38c72552c5e..., userDataDir: C:\Users\TANIAS~1\AppData\L...}, fedcm:accounts: true, goog:chromeOptions: {debuggerAddress: localhost:63220}, networkConnectionEnabled: false, pageLoadStrategy: normal, platformName: windows, proxy: Proxy(), se:cdp: ws://localhost:63220/devtoo..., se:cdpVersion: 120.0.6099.130, setWindowRect: true, strictFileInteractability: false, timeouts: {implicit: 0, pageLoad: 300000, script: 30000}, unhandledPromptBehavior: dismiss and notify, webauthn:extension:credBlob: true, webauthn:extension:largeBlob: true, webauthn:extension:minPinLength: true, webauthn:extension:prf: true, webauthn:virtualAuthenticators: true}
Element: [[ChromeDriver: chrome on windows (1aacc68c56c4a5e89dbfc18828a6b300)] -> xpath: //div[@id='bundleModalBtn']/p/a]
Session ID: 1aacc68c56c4a5e89dbfc18828a6b300
at java.base/jdk.internal.reflect.NativeConstructorAccessorImpl.newInstance0(Native Method)
at java.base/jdk.internal.reflect.NativeConstructorAccessorImpl.newInstance(NativeConstructorAccessorImpl.java:62)
at java.base/jdk.internal.reflect.DelegatingConstructorAccessorImpl.newInstance(DelegatingConstructorAccessorImpl.java:45)
at java.base/java.lang.reflect.Constructor.newInstance(Constructor.java:490)
at org.openqa.selenium.remote.codec.w3c.W3CHttpResponseCodec.createException(W3CHttpResponseCodec.java:200)
at org.openqa.selenium.remote.codec.w3c.W3CHttpResponseCodec.decode(W3CHttpResponseCodec.java:133)
at org.openqa.selenium.remote.codec.w3c.W3CHttpResponseCodec.decode(W3CHttpResponseCodec.java:52)
at org.openqa.selenium.remote.HttpCommandExecutor.execute(HttpCommandExecutor.java:191)
at org.openqa.selenium.remote.service.DriverCommandExecutor.invokeExecute(DriverCommandExecutor.java:200)
at org.openqa.selenium.remote.service.DriverCommandExecutor.execute(DriverCommandExecutor.java:175)
at org.openqa.selenium.remote.RemoteWebDriver.execute(RemoteWebDriver.java:607)
at org.openqa.selenium.remote.RemoteWebElement.execute(RemoteWebElement.java:224)
at org.openqa.selenium.remote.RemoteWebElement.click(RemoteWebElement.java:77)
at java.base/jdk.internal.reflect.NativeMethodAccessorImpl.invoke0(Native Method)
at java.base/jdk.internal.reflect.NativeMethodAccessorImpl.invoke(NativeMethodAccessorImpl.java:62)
at java.base/jdk.internal.reflect.DelegatingMethodAccessorImpl.invoke(DelegatingMethodAccessorImpl.java:43)
at java.base/java.lang.reflect.Method.invoke(Method.java:566)
at org.openqa.selenium.support.pagefactory.internal.LocatingElementHandler.invoke(LocatingElementHandler.java:51)
at com.sun.proxy.$Proxy15.click(Unknown Source)
at common.CommonActions.clickElement(CommonActions.java:104)
at pages.HomePage.getMyQuote(HomePage.java:36)
at test.HomePageTest.getMyQuoteTest(HomePageTest.java:13)
at java.base/jdk.internal.reflect.NativeMethodAccessorImpl.invoke0(Native Method)
at java.base/jdk.internal.reflect.NativeMethodAccessorImpl.invoke(NativeMethodAccessorImpl.java:62)
at java.base/jdk.internal.reflect.DelegatingMethodAccessorImpl.invoke(DelegatingMethodAccessorImpl.java:43)
at java.base/java.lang.reflect.Method.invoke(Method.java:566)
at org.testng.internal.invokers.MethodInvocationHelper.invokeMethod(MethodInvocationHelper.java:139)
at org.testng.internal.invokers.TestInvoker.invokeMethod(TestInvoker.java:664)
at org.testng.internal.invokers.TestInvoker.invokeTestMethod(TestInvoker.java:227)
at org.testng.internal.invokers.MethodRunner.runInSequence(MethodRunner.java:50)
at org.testng.internal.invokers.TestInvoker$MethodInvocationAgent.invoke(TestInvoker.java:957)
at org.testng.internal.invokers.TestInvoker.invokeTestMethods(TestInvoker.java:200)
at org.testng.internal.invokers.TestMethodWorker.invokeTestMethods(TestMethodWorker.java:148)
at org.testng.internal.invokers.TestMethodWorker.run(TestMethodWorker.java:128)
at java.base/java.util.ArrayList.forEach(ArrayList.java:1541)
at org.testng.TestRunner.privateRun(TestRunner.java:848)
at org.testng.TestRunner.run(TestRunner.java:621)
at org.testng.SuiteRunner.runTest(SuiteRunner.java:443)
at org.testng.SuiteRunner$SuiteWorker.run(SuiteRunner.java:481)
at org.testng.internal.thread.ThreadUtil.lambda$execute$0(ThreadUtil.java:58)
at java.base/java.util.concurrent.FutureTask.run(FutureTask.java:264)
at java.base/java.util.concurrent.ThreadPoolExecutor.runWorker(ThreadPoolExecutor.java:1128)
at java.base/java.util.concurrent.ThreadPoolExecutor$Worker.run(ThreadPoolExecutor.java:628)
at java.base/java.lang.Thread.run(Thread.java:834)
]]>
    </error>
    <system-out>
      <![CDATA[21244 <-----> has been put into <-----> [[ChromeDriver: chrome on windows (1aacc68c56c4a5e89dbfc18828a6b300)] -> xpath: //input[@id='ssp-service-zip']]<br>
[[ChromeDriver: chrome on windows (1aacc68c56c4a5e89dbfc18828a6b300)] -> xpath: (//input[@type='submit'])[1]]<---------> has been clicked<br>
[[ChromeDriver: chrome on windows (1aacc68c56c4a5e89dbfc18828a6b300)] -> xpath: (//div[@class='product-checkbox'])[1]]<---------> has been clicked<br>
Javascript Executor executing to view ...arguments[0].scrollIntoView(true); on the element of ---> [[ChromeDriver: chrome on windows (1aacc68c56c4a5e89dbfc18828a6b300)] -> xpath: //div[@id='bundleModalBtn']/p/a]<br>
Sleeping ... zZz 2<br>]]>
    </system-out>
  </testcase> <!-- getMyQuoteTest -->
  <testcase classname="test.HomePageTest" name="getMyQuoteTest" time="19.068">
    <error message="element click intercepted: Element &lt;a href=&quot;#&quot; class=&quot;modal-trigger btn btn--primary btn--full-mobile&quot; data-modal-view=&quot;bundle_modal&quot; data-link-name=&quot;bundleModalBtn:...&quot;&gt;Start My Quote&lt;/a&gt; is not clickable at point (309, 25). Other element would receive the click: &lt;header id=&quot;primary-header&quot; role=&quot;banner&quot;&gt;...&lt;/header&gt;
  (Session info: MicrosoftEdge=120.0.2210.91)
Build info: version: &#039;4.15.0&#039;, revision: &#039;1d14b5521b&#039;
System info: os.name: &#039;Windows 11&#039;, os.arch: &#039;amd64&#039;, os.version: &#039;10.0&#039;, java.version: &#039;11.0.17&#039;
Driver info: org.openqa.selenium.edge.EdgeDriver
Command: [b00c945c3af5eaecee5710c99eeaf934, clickElement {id=26A08E01743631161F33535EB3387AD0_element_15}]
Capabilities {acceptInsecureCerts: false, browserName: msedge, browserVersion: 120.0.2210.91, fedcm:accounts: true, ms:edgeOptions: {debuggerAddress: localhost:63219}, msedge: {msedgedriverVersion: 119.0.2151.58 (33e26e7eb4fb..., userDataDir: C:\Users\TANIAS~1\AppData\L...}, networkConnectionEnabled: false, pageLoadStrategy: normal, platformName: windows, proxy: Proxy(), se:cdp: ws://localhost:63219/devtoo..., se:cdpVersion: 120.0.2210.91, setWindowRect: true, strictFileInteractability: false, timeouts: {implicit: 0, pageLoad: 300000, script: 30000}, unhandledPromptBehavior: dismiss and notify, webauthn:extension:credBlob: true, webauthn:extension:largeBlob: true, webauthn:extension:minPinLength: true, webauthn:extension:prf: true, webauthn:virtualAuthenticators: true}
Element: [[EdgeDriver: msedge on windows (b00c945c3af5eaecee5710c99eeaf934)] -&gt; xpath: //div[@id=&#039;bundleModalBtn&#039;]/p/a]
Session ID: b00c945c3af5eaecee5710c99eeaf934" type="org.openqa.selenium.ElementClickInterceptedException">
      <![CDATA[org.openqa.selenium.ElementClickInterceptedException: element click intercepted: Element <a href="#" class="modal-trigger btn btn--primary btn--full-mobile" data-modal-view="bundle_modal" data-link-name="bundleModalBtn:...">Start My Quote</a> is not clickable at point (309, 25). Other element would receive the click: <header id="primary-header" role="banner">...</header>
  (Session info: MicrosoftEdge=120.0.2210.91)
Build info: version: '4.15.0', revision: '1d14b5521b'
System info: os.name: 'Windows 11', os.arch: 'amd64', os.version: '10.0', java.version: '11.0.17'
Driver info: org.openqa.selenium.edge.EdgeDriver
Command: [b00c945c3af5eaecee5710c99eeaf934, clickElement {id=26A08E01743631161F33535EB3387AD0_element_15}]
Capabilities {acceptInsecureCerts: false, browserName: msedge, browserVersion: 120.0.2210.91, fedcm:accounts: true, ms:edgeOptions: {debuggerAddress: localhost:63219}, msedge: {msedgedriverVersion: 119.0.2151.58 (33e26e7eb4fb..., userDataDir: C:\Users\TANIAS~1\AppData\L...}, networkConnectionEnabled: false, pageLoadStrategy: normal, platformName: windows, proxy: Proxy(), se:cdp: ws://localhost:63219/devtoo..., se:cdpVersion: 120.0.2210.91, setWindowRect: true, strictFileInteractability: false, timeouts: {implicit: 0, pageLoad: 300000, script: 30000}, unhandledPromptBehavior: dismiss and notify, webauthn:extension:credBlob: true, webauthn:extension:largeBlob: true, webauthn:extension:minPinLength: true, webauthn:extension:prf: true, webauthn:virtualAuthenticators: true}
Element: [[EdgeDriver: msedge on windows (b00c945c3af5eaecee5710c99eeaf934)] -> xpath: //div[@id='bundleModalBtn']/p/a]
Session ID: b00c945c3af5eaecee5710c99eeaf934
at java.base/jdk.internal.reflect.NativeConstructorAccessorImpl.newInstance0(Native Method)
at java.base/jdk.internal.reflect.NativeConstructorAccessorImpl.newInstance(NativeConstructorAccessorImpl.java:62)
at java.base/jdk.internal.reflect.DelegatingConstructorAccessorImpl.newInstance(DelegatingConstructorAccessorImpl.java:45)
at java.base/java.lang.reflect.Constructor.newInstance(Constructor.java:490)
at org.openqa.selenium.remote.codec.w3c.W3CHttpResponseCodec.createException(W3CHttpResponseCodec.java:200)
at org.openqa.selenium.remote.codec.w3c.W3CHttpResponseCodec.decode(W3CHttpResponseCodec.java:133)
at org.openqa.selenium.remote.codec.w3c.W3CHttpResponseCodec.decode(W3CHttpResponseCodec.java:52)
at org.openqa.selenium.remote.HttpCommandExecutor.execute(HttpCommandExecutor.java:191)
at org.openqa.selenium.remote.service.DriverCommandExecutor.invokeExecute(DriverCommandExecutor.java:200)
at org.openqa.selenium.remote.service.DriverCommandExecutor.execute(DriverCommandExecutor.java:175)
at org.openqa.selenium.remote.RemoteWebDriver.execute(RemoteWebDriver.java:607)
at org.openqa.selenium.remote.RemoteWebElement.execute(RemoteWebElement.java:224)
at org.openqa.selenium.remote.RemoteWebElement.click(RemoteWebElement.java:77)
at java.base/jdk.internal.reflect.NativeMethodAccessorImpl.invoke0(Native Method)
at java.base/jdk.internal.reflect.NativeMethodAccessorImpl.invoke(NativeMethodAccessorImpl.java:62)
at java.base/jdk.internal.reflect.DelegatingMethodAccessorImpl.invoke(DelegatingMethodAccessorImpl.java:43)
at java.base/java.lang.reflect.Method.invoke(Method.java:566)
at org.openqa.selenium.support.pagefactory.internal.LocatingElementHandler.invoke(LocatingElementHandler.java:51)
at com.sun.proxy.$Proxy15.click(Unknown Source)
at common.CommonActions.clickElement(CommonActions.java:104)
at pages.HomePage.getMyQuote(HomePage.java:36)
at test.HomePageTest.getMyQuoteTest(HomePageTest.java:13)
at java.base/jdk.internal.reflect.NativeMethodAccessorImpl.invoke0(Native Method)
at java.base/jdk.internal.reflect.NativeMethodAccessorImpl.invoke(NativeMethodAccessorImpl.java:62)
at java.base/jdk.internal.reflect.DelegatingMethodAccessorImpl.invoke(DelegatingMethodAccessorImpl.java:43)
at java.base/java.lang.reflect.Method.invoke(Method.java:566)
at org.testng.internal.invokers.MethodInvocationHelper.invokeMethod(MethodInvocationHelper.java:139)
at org.testng.internal.invokers.TestInvoker.invokeMethod(TestInvoker.java:664)
at org.testng.internal.invokers.TestInvoker.invokeTestMethod(TestInvoker.java:227)
at org.testng.internal.invokers.MethodRunner.runInSequence(MethodRunner.java:50)
at org.testng.internal.invokers.TestInvoker$MethodInvocationAgent.invoke(TestInvoker.java:957)
at org.testng.internal.invokers.TestInvoker.invokeTestMethods(TestInvoker.java:200)
at org.testng.internal.invokers.TestMethodWorker.invokeTestMethods(TestMethodWorker.java:148)
at org.testng.internal.invokers.TestMethodWorker.run(TestMethodWorker.java:128)
at java.base/java.util.ArrayList.forEach(ArrayList.java:1541)
at org.testng.TestRunner.privateRun(TestRunner.java:848)
at org.testng.TestRunner.run(TestRunner.java:621)
at org.testng.SuiteRunner.runTest(SuiteRunner.java:443)
at org.testng.SuiteRunner$SuiteWorker.run(SuiteRunner.java:481)
at org.testng.internal.thread.ThreadUtil.lambda$execute$0(ThreadUtil.java:58)
at java.base/java.util.concurrent.FutureTask.run(FutureTask.java:264)
at java.base/java.util.concurrent.ThreadPoolExecutor.runWorker(ThreadPoolExecutor.java:1128)
at java.base/java.util.concurrent.ThreadPoolExecutor$Worker.run(ThreadPoolExecutor.java:628)
at java.base/java.lang.Thread.run(Thread.java:834)
]]>
    </error>
    <system-out>
      <![CDATA[21244 <-----> has been put into <-----> [[EdgeDriver: msedge on windows (b00c945c3af5eaecee5710c99eeaf934)] -> xpath: //input[@id='ssp-service-zip']]<br>
[[EdgeDriver: msedge on windows (b00c945c3af5eaecee5710c99eeaf934)] -> xpath: (//input[@type='submit'])[1]]<---------> has been clicked<br>
[[EdgeDriver: msedge on windows (b00c945c3af5eaecee5710c99eeaf934)] -> xpath: (//div[@class='product-checkbox'])[1]]<---------> has been clicked<br>
Javascript Executor executing to view ...arguments[0].scrollIntoView(true); on the element of ---> [[EdgeDriver: msedge on windows (b00c945c3af5eaecee5710c99eeaf934)] -> xpath: //div[@id='bundleModalBtn']/p/a]<br>
Sleeping ... zZz 2<br>]]>
    </system-out>
  </testcase> <!-- getMyQuoteTest -->
  <system-out>
    <![CDATA[21244 <-----> has been put into <-----> [[EdgeDriver: msedge on windows (b00c945c3af5eaecee5710c99eeaf934)] -> xpath: //input[@id='ssp-service-zip']]<br>
21244 <-----> has been put into <-----> [[ChromeDriver: chrome on windows (1aacc68c56c4a5e89dbfc18828a6b300)] -> xpath: //input[@id='ssp-service-zip']]<br>
[[EdgeDriver: msedge on windows (b00c945c3af5eaecee5710c99eeaf934)] -> xpath: (//input[@type='submit'])[1]]<---------> has been clicked<br>
[[ChromeDriver: chrome on windows (1aacc68c56c4a5e89dbfc18828a6b300)] -> xpath: (//input[@type='submit'])[1]]<---------> has been clicked<br>
[[EdgeDriver: msedge on windows (b00c945c3af5eaecee5710c99eeaf934)] -> xpath: (//div[@class='product-checkbox'])[1]]<---------> has been clicked<br>
Javascript Executor executing to view ...arguments[0].scrollIntoView(true); on the element of ---> [[EdgeDriver: msedge on windows (b00c945c3af5eaecee5710c99eeaf934)] -> xpath: //div[@id='bundleModalBtn']/p/a]<br>
[[ChromeDriver: chrome on windows (1aacc68c56c4a5e89dbfc18828a6b300)] -> xpath: (//div[@class='product-checkbox'])[1]]<---------> has been clicked<br>
Javascript Executor executing to view ...arguments[0].scrollIntoView(true); on the element of ---> [[ChromeDriver: chrome on windows (1aacc68c56c4a5e89dbfc18828a6b300)] -> xpath: //div[@id='bundleModalBtn']/p/a]<br>
Sleeping ... zZz 2<br>
Sleeping ... zZz 2<br>
21244 <-----> has been put into <-----> [[FirefoxDriver: firefox on windows (faafd521-3abb-4bc4-aac2-365374641a98)] -> xpath: //input[@id='ssp-service-zip']]<br>
[[FirefoxDriver: firefox on windows (faafd521-3abb-4bc4-aac2-365374641a98)] -> xpath: (//input[@type='submit'])[1]]<---------> has been clicked<br>
[[FirefoxDriver: firefox on windows (faafd521-3abb-4bc4-aac2-365374641a98)] -> xpath: (//div[@class='product-checkbox'])[1]]<---------> has been clicked<br>
Javascript Executor executing to view ...arguments[0].scrollIntoView(true); on the element of ---> [[FirefoxDriver: firefox on windows (faafd521-3abb-4bc4-aac2-365374641a98)] -> xpath: //div[@id='bundleModalBtn']/p/a]<br>
Sleeping ... zZz 2<br>]]>
  </system-out>
</testsuite> <!-- test.HomePageTest -->
